This file contains any messages produced by compilers while
running configure, to aid debugging if configure makes a mistake.

It was created by rasql_udf_cidr configure 0.5, which was
generated by GNU Autoconf 2.69.  Invocation command line was

  $ ./configure --libdir /usr/lib64/mysql/plugin/

## --------- ##
## Platform. ##
## --------- ##

hostname = devel
uname -m = x86_64
uname -r = 3.10.0-862.el7.x86_64
uname -s = Linux
uname -v = #1 SMP Wed Mar 21 18:14:51 EDT 2018

/usr/bin/uname -p = x86_64
/bin/uname -X     = unknown

/bin/arch              = x86_64
/usr/bin/arch -k       = unknown
/usr/convex/getsysinfo = unknown
/usr/bin/hostinfo      = unknown
/bin/machine           = unknown
/usr/bin/oslevel       = unknown
/bin/universe          = unknown

PATH: /usr/local/sbin
PATH: /usr/local/bin
PATH: /usr/sbin
PATH: /usr/bin
PATH: /root/bin


## ----------- ##
## Core tests. ##
## ----------- ##

configure:2226: checking for a BSD-compatible install
configure:2294: result: /usr/bin/install -c
configure:2305: checking whether build environment is sane
configure:2360: result: yes
configure:2511: checking for a thread-safe mkdir -p
configure:2550: result: /usr/bin/mkdir -p
configure:2557: checking for gawk
configure:2573: found /usr/bin/gawk
configure:2584: result: gawk
configure:2595: checking whether make sets $(MAKE)
configure:2617: result: yes
configure:2646: checking whether make supports nested variables
configure:2663: result: yes
configure:2779: checking build system type
configure:2793: result: x86_64-unknown-linux-gnu
configure:2813: checking host system type
configure:2826: result: x86_64-unknown-linux-gnu
configure:2867: checking how to print strings
configure:2894: result: printf
configure:2927: checking for style of include used by make
configure:2955: result: GNU
configure:3026: checking for gcc
configure:3042: found /usr/bin/gcc
configure:3053: result: gcc
configure:3282: checking for C compiler version
configure:3291: gcc --version >&5
gcc (GCC) 4.8.5 20150623 (Red Hat 4.8.5-28)
Copyright (C) 2015 Free Software Foundation, Inc.
This is free software; see the source for copying conditions.  There is NO
warranty; not even for MERCHANTABILITY or FITNESS FOR A PARTICULAR PURPOSE.

configure:3302: $? = 0
configure:3291: gcc -v >&5
Using built-in specs.
COLLECT_GCC=gcc
COLLECT_LTO_WRAPPER=/usr/libexec/gcc/x86_64-redhat-linux/4.8.5/lto-wrapper
Target: x86_64-redhat-linux
Configured with: ../configure --prefix=/usr --mandir=/usr/share/man --infodir=/usr/share/info --with-bugurl=http://bugzilla.redhat.com/bugzilla --enable-bootstrap --enable-shared --enable-threads=posix --enable-checking=release --with-system-zlib --enable-__cxa_atexit --disable-libunwind-exceptions --enable-gnu-unique-object --enable-linker-build-id --with-linker-hash-style=gnu --enable-languages=c,c++,objc,obj-c++,java,fortran,ada,go,lto --enable-plugin --enable-initfini-array --disable-libgcj --with-isl=/builddir/build/BUILD/gcc-4.8.5-20150702/obj-x86_64-redhat-linux/isl-install --with-cloog=/builddir/build/BUILD/gcc-4.8.5-20150702/obj-x86_64-redhat-linux/cloog-install --enable-gnu-indirect-function --with-tune=generic --with-arch_32=x86-64 --build=x86_64-redhat-linux
Thread model: posix
gcc version 4.8.5 20150623 (Red Hat 4.8.5-28) (GCC) 
configure:3302: $? = 0
configure:3291: gcc -V >&5
gcc: error: unrecognized command line option '-V'
gcc: fatal error: no input files
compilation terminated.
configure:3302: $? = 4
configure:3291: gcc -qversion >&5
gcc: error: unrecognized command line option '-qversion'
gcc: fatal error: no input files
compilation terminated.
configure:3302: $? = 4
configure:3322: checking whether the C compiler works
configure:3344: gcc    conftest.c  >&5
configure:3348: $? = 0
configure:3396: result: yes
configure:3399: checking for C compiler default output file name
configure:3401: result: a.out
configure:3407: checking for suffix of executables
configure:3414: gcc -o conftest    conftest.c  >&5
configure:3418: $? = 0
configure:3440: result: 
configure:3462: checking whether we are cross compiling
configure:3470: gcc -o conftest    conftest.c  >&5
configure:3474: $? = 0
configure:3481: ./conftest
configure:3485: $? = 0
configure:3500: result: no
configure:3505: checking for suffix of object files
configure:3527: gcc -c   conftest.c >&5
configure:3531: $? = 0
configure:3552: result: o
configure:3556: checking whether we are using the GNU C compiler
configure:3575: gcc -c   conftest.c >&5
configure:3575: $? = 0
configure:3584: result: yes
configure:3593: checking whether gcc accepts -g
configure:3613: gcc -c -g  conftest.c >&5
configure:3613: $? = 0
configure:3654: result: yes
configure:3671: checking for gcc option to accept ISO C89
configure:3734: gcc  -c -g -O2  conftest.c >&5
configure:3734: $? = 0
configure:3747: result: none needed
configure:3769: checking dependency style of gcc
configure:3880: result: gcc3
configure:3895: checking for a sed that does not truncate output
configure:3959: result: /usr/bin/sed
configure:3977: checking for grep that handles long lines and -e
configure:4035: result: /usr/bin/grep
configure:4040: checking for egrep
configure:4102: result: /usr/bin/grep -E
configure:4107: checking for fgrep
configure:4169: result: /usr/bin/grep -F
configure:4204: checking for ld used by gcc
configure:4271: result: /usr/bin/ld
configure:4278: checking if the linker (/usr/bin/ld) is GNU ld
configure:4293: result: yes
configure:4305: checking for BSD- or MS-compatible name lister (nm)
configure:4354: result: /usr/bin/nm -B
configure:4484: checking the name lister (/usr/bin/nm -B) interface
configure:4491: gcc -c -g -O2  conftest.c >&5
configure:4494: /usr/bin/nm -B "conftest.o"
configure:4497: output
0000000000000000 B some_variable
configure:4504: result: BSD nm
configure:4507: checking whether ln -s works
configure:4511: result: yes
configure:4519: checking the maximum length of command line arguments
configure:4649: result: 1572864
configure:4666: checking whether the shell understands some XSI constructs
configure:4676: result: yes
configure:4680: checking whether the shell understands "+="
configure:4686: result: yes
configure:4721: checking how to convert x86_64-unknown-linux-gnu file names to x86_64-unknown-linux-gnu format
configure:4761: result: func_convert_file_noop
configure:4768: checking how to convert x86_64-unknown-linux-gnu file names to toolchain format
configure:4788: result: func_convert_file_noop
configure:4795: checking for /usr/bin/ld option to reload object files
configure:4802: result: -r
configure:4876: checking for objdump
configure:4892: found /usr/bin/objdump
configure:4903: result: objdump
configure:4935: checking how to recognize dependent libraries
configure:5137: result: pass_all
configure:5222: checking for dlltool
configure:5252: result: no
configure:5282: checking how to associate runtime and link libraries
configure:5309: result: printf %s\n
configure:5370: checking for ar
configure:5386: found /usr/bin/ar
configure:5397: result: ar
configure:5434: checking for archiver @FILE support
configure:5451: gcc -c -g -O2  conftest.c >&5
configure:5451: $? = 0
configure:5454: ar cru libconftest.a @conftest.lst >&5
configure:5457: $? = 0
configure:5462: ar cru libconftest.a @conftest.lst >&5
ar: conftest.o: No such file or directory
configure:5465: $? = 1
configure:5477: result: @
configure:5535: checking for strip
configure:5551: found /usr/bin/strip
configure:5562: result: strip
configure:5634: checking for ranlib
configure:5650: found /usr/bin/ranlib
configure:5661: result: ranlib
configure:5763: checking command to parse /usr/bin/nm -B output from gcc object
configure:5883: gcc -c -g -O2  conftest.c >&5
configure:5886: $? = 0
configure:5890: /usr/bin/nm -B conftest.o \| sed -n -e 's/^.*[ ]\([ABCDGIRSTW][ABCDGIRSTW]*\)[ ][ ]*\([_A-Za-z][_A-Za-z0-9]*\)$/\1 \2 \2/p' | sed '/ __gnu_lto/d' \> conftest.nm
configure:5893: $? = 0
configure:5959: gcc -o conftest -g -O2   conftest.c conftstm.o >&5
configure:5962: $? = 0
configure:6000: result: ok
configure:6037: checking for sysroot
configure:6067: result: no
configure:6144: gcc -c -g -O2  conftest.c >&5
configure:6147: $? = 0
configure:6323: checking for mt
configure:6353: result: no
configure:6373: checking if : is a manifest tool
configure:6379: : '-?'
configure:6387: result: no
configure:7029: checking how to run the C preprocessor
configure:7060: gcc -E  conftest.c
configure:7060: $? = 0
configure:7074: gcc -E  conftest.c
conftest.c:11:28: fatal error: ac_nonexistent.h: No such file or directory
 #include <ac_nonexistent.h>
                            ^
compilation terminated.
configure:7074: $? = 1
configure: failed program was:
| /* confdefs.h */
| #define PACKAGE_NAME "rasql_udf_cidr"
| #define PACKAGE_TARNAME "rasql_udf_cidr"
| #define PACKAGE_VERSION "0.5"
| #define PACKAGE_STRING "rasql_udf_cidr 0.5"
| #define PACKAGE_BUGREPORT "carter@qosient.com"
| #define PACKAGE_URL ""
| #define PACKAGE "rasql_udf_cidr"
| #define VERSION "0.5"
| /* end confdefs.h.  */
| #include <ac_nonexistent.h>
configure:7099: result: gcc -E
configure:7119: gcc -E  conftest.c
configure:7119: $? = 0
configure:7133: gcc -E  conftest.c
conftest.c:11:28: fatal error: ac_nonexistent.h: No such file or directory
 #include <ac_nonexistent.h>
                            ^
compilation terminated.
configure:7133: $? = 1
configure: failed program was:
| /* confdefs.h */
| #define PACKAGE_NAME "rasql_udf_cidr"
| #define PACKAGE_TARNAME "rasql_udf_cidr"
| #define PACKAGE_VERSION "0.5"
| #define PACKAGE_STRING "rasql_udf_cidr 0.5"
| #define PACKAGE_BUGREPORT "carter@qosient.com"
| #define PACKAGE_URL ""
| #define PACKAGE "rasql_udf_cidr"
| #define VERSION "0.5"
| /* end confdefs.h.  */
| #include <ac_nonexistent.h>
configure:7162: checking for ANSI C header files
configure:7182: gcc -c -g -O2  conftest.c >&5
configure:7182: $? = 0
configure:7255: gcc -o conftest -g -O2   conftest.c  >&5
configure:7255: $? = 0
configure:7255: ./conftest
configure:7255: $? = 0
configure:7266: result: yes
configure:7279: checking for sys/types.h
configure:7279: gcc -c -g -O2  conftest.c >&5
configure:7279: $? = 0
configure:7279: result: yes
configure:7279: checking for sys/stat.h
configure:7279: gcc -c -g -O2  conftest.c >&5
configure:7279: $? = 0
configure:7279: result: yes
configure:7279: checking for stdlib.h
configure:7279: gcc -c -g -O2  conftest.c >&5
configure:7279: $? = 0
configure:7279: result: yes
configure:7279: checking for string.h
configure:7279: gcc -c -g -O2  conftest.c >&5
configure:7279: $? = 0
configure:7279: result: yes
configure:7279: checking for memory.h
configure:7279: gcc -c -g -O2  conftest.c >&5
configure:7279: $? = 0
configure:7279: result: yes
configure:7279: checking for strings.h
configure:7279: gcc -c -g -O2  conftest.c >&5
configure:7279: $? = 0
configure:7279: result: yes
configure:7279: checking for inttypes.h
configure:7279: gcc -c -g -O2  conftest.c >&5
configure:7279: $? = 0
configure:7279: result: yes
configure:7279: checking for stdint.h
configure:7279: gcc -c -g -O2  conftest.c >&5
configure:7279: $? = 0
configure:7279: result: yes
configure:7279: checking for unistd.h
configure:7279: gcc -c -g -O2  conftest.c >&5
configure:7279: $? = 0
configure:7279: result: yes
configure:7293: checking for dlfcn.h
configure:7293: gcc -c -g -O2  conftest.c >&5
configure:7293: $? = 0
configure:7293: result: yes
configure:7499: checking for objdir
configure:7514: result: .libs
configure:7785: checking if gcc supports -fno-rtti -fno-exceptions
configure:7803: gcc -c -g -O2  -fno-rtti -fno-exceptions conftest.c >&5
cc1: warning: command line option '-fno-rtti' is valid for C++/ObjC++ but not for C [enabled by default]
configure:7807: $? = 0
configure:7820: result: no
configure:8147: checking for gcc option to produce PIC
configure:8154: result: -fPIC -DPIC
configure:8162: checking if gcc PIC flag -fPIC -DPIC works
configure:8180: gcc -c -g -O2  -fPIC -DPIC -DPIC conftest.c >&5
configure:8184: $? = 0
configure:8197: result: yes
configure:8226: checking if gcc static flag -static works
configure:8254: result: no
configure:8269: checking if gcc supports -c -o file.o
configure:8290: gcc -c -g -O2  -o out/conftest2.o conftest.c >&5
configure:8294: $? = 0
configure:8316: result: yes
configure:8324: checking if gcc supports -c -o file.o
configure:8371: result: yes
configure:8404: checking whether the gcc linker (/usr/bin/ld -m elf_x86_64) supports shared libraries
configure:9557: result: yes
configure:9594: checking whether -lc should be explicitly linked in
configure:9602: gcc -c -g -O2  conftest.c >&5
configure:9605: $? = 0
configure:9620: gcc -shared  -fPIC -DPIC conftest.o  -v -Wl,-soname -Wl,conftest -o conftest 2\>\&1 \| /usr/bin/grep  -lc  \>/dev/null 2\>\&1
configure:9623: $? = 0
configure:9637: result: no
configure:9797: checking dynamic linker characteristics
configure:10308: gcc -o conftest -g -O2   -Wl,-rpath -Wl,/foo conftest.c  >&5
configure:10308: $? = 0
configure:10530: result: GNU/Linux ld.so
configure:10637: checking how to hardcode library paths into programs
configure:10662: result: immediate
configure:11202: checking whether stripping libraries is possible
configure:11207: result: yes
configure:11242: checking if libtool supports shared libraries
configure:11244: result: yes
configure:11247: checking whether to build shared libraries
configure:11268: result: yes
configure:11271: checking whether to build static libraries
configure:11275: result: yes
configure:11363: checking for gcc
configure:11390: result: gcc
configure:11619: checking for C compiler version
configure:11628: gcc --version >&5
gcc (GCC) 4.8.5 20150623 (Red Hat 4.8.5-28)
Copyright (C) 2015 Free Software Foundation, Inc.
This is free software; see the source for copying conditions.  There is NO
warranty; not even for MERCHANTABILITY or FITNESS FOR A PARTICULAR PURPOSE.

configure:11639: $? = 0
configure:11628: gcc -v >&5
Using built-in specs.
COLLECT_GCC=gcc
COLLECT_LTO_WRAPPER=/usr/libexec/gcc/x86_64-redhat-linux/4.8.5/lto-wrapper
Target: x86_64-redhat-linux
Configured with: ../configure --prefix=/usr --mandir=/usr/share/man --infodir=/usr/share/info --with-bugurl=http://bugzilla.redhat.com/bugzilla --enable-bootstrap --enable-shared --enable-threads=posix --enable-checking=release --with-system-zlib --enable-__cxa_atexit --disable-libunwind-exceptions --enable-gnu-unique-object --enable-linker-build-id --with-linker-hash-style=gnu --enable-languages=c,c++,objc,obj-c++,java,fortran,ada,go,lto --enable-plugin --enable-initfini-array --disable-libgcj --with-isl=/builddir/build/BUILD/gcc-4.8.5-20150702/obj-x86_64-redhat-linux/isl-install --with-cloog=/builddir/build/BUILD/gcc-4.8.5-20150702/obj-x86_64-redhat-linux/cloog-install --enable-gnu-indirect-function --with-tune=generic --with-arch_32=x86-64 --build=x86_64-redhat-linux
Thread model: posix
gcc version 4.8.5 20150623 (Red Hat 4.8.5-28) (GCC) 
configure:11639: $? = 0
configure:11628: gcc -V >&5
gcc: error: unrecognized command line option '-V'
gcc: fatal error: no input files
compilation terminated.
configure:11639: $? = 4
configure:11628: gcc -qversion >&5
gcc: error: unrecognized command line option '-qversion'
gcc: fatal error: no input files
compilation terminated.
configure:11639: $? = 4
configure:11643: checking whether we are using the GNU C compiler
configure:11671: result: yes
configure:11680: checking whether gcc accepts -g
configure:11741: result: yes
configure:11758: checking for gcc option to accept ISO C89
configure:11834: result: none needed
configure:11856: checking dependency style of gcc
configure:11967: result: gcc3
configure:12020: checking for mysql_config
configure:12038: found /usr/bin/mysql_config
configure:12050: result: /usr/bin/mysql_config
configure:12128: checking for dlopen in -ldl
configure:12153: gcc -o conftest -g -O2   conftest.c -ldl   >&5
configure:12153: $? = 0
configure:12162: result: yes
configure:12171: checking for an ANSI C-conforming const
configure:12237: gcc -c -g -O2  conftest.c >&5
configure:12237: $? = 0
configure:12244: result: yes
configure:12252: checking for size_t
configure:12252: gcc -c -g -O2  conftest.c >&5
configure:12252: $? = 0
configure:12252: gcc -c -g -O2  conftest.c >&5
conftest.c: In function 'main':
conftest.c:61:21: error: expected expression before ')' token
 if (sizeof ((size_t)))
                     ^
configure:12252: $? = 1
configure: failed program was:
| /* confdefs.h */
| #define PACKAGE_NAME "rasql_udf_cidr"
| #define PACKAGE_TARNAME "rasql_udf_cidr"
| #define PACKAGE_VERSION "0.5"
| #define PACKAGE_STRING "rasql_udf_cidr 0.5"
| #define PACKAGE_BUGREPORT "carter@qosient.com"
| #define PACKAGE_URL ""
| #define PACKAGE "rasql_udf_cidr"
| #define VERSION "0.5"
| #define STDC_HEADERS 1
| #define HAVE_SYS_TYPES_H 1
| #define HAVE_SYS_STAT_H 1
| #define HAVE_STDLIB_H 1
| #define HAVE_STRING_H 1
| #define HAVE_MEMORY_H 1
| #define HAVE_STRINGS_H 1
| #define HAVE_INTTYPES_H 1
| #define HAVE_STDINT_H 1
| #define HAVE_UNISTD_H 1
| #define HAVE_DLFCN_H 1
| #define LT_OBJDIR ".libs/"
| #define HAVE_MYSQL 1
| #define HAVE_DLOPEN 1
| /* end confdefs.h.  */
| #include <stdio.h>
| #ifdef HAVE_SYS_TYPES_H
| # include <sys/types.h>
| #endif
| #ifdef HAVE_SYS_STAT_H
| # include <sys/stat.h>
| #endif
| #ifdef STDC_HEADERS
| # include <stdlib.h>
| # include <stddef.h>
| #else
| # ifdef HAVE_STDLIB_H
| #  include <stdlib.h>
| # endif
| #endif
| #ifdef HAVE_STRING_H
| # if !defined STDC_HEADERS && defined HAVE_MEMORY_H
| #  include <memory.h>
| # endif
| # include <string.h>
| #endif
| #ifdef HAVE_STRINGS_H
| # include <strings.h>
| #endif
| #ifdef HAVE_INTTYPES_H
| # include <inttypes.h>
| #endif
| #ifdef HAVE_STDINT_H
| # include <stdint.h>
| #endif
| #ifdef HAVE_UNISTD_H
| # include <unistd.h>
| #endif
| int
| main ()
| {
| if (sizeof ((size_t)))
| 	    return 0;
|   ;
|   return 0;
| }
configure:12252: result: yes
configure:12413: checking that generated files are newer than configure
configure:12419: result: done
configure:12446: creating ./config.status

## ---------------------- ##
## Running config.status. ##
## ---------------------- ##

This file was extended by rasql_udf_cidr config.status 0.5, which was
generated by GNU Autoconf 2.69.  Invocation command line was

  CONFIG_FILES    = 
  CONFIG_HEADERS  = 
  CONFIG_LINKS    = 
  CONFIG_COMMANDS = 
  $ ./config.status 

on devel

config.status:1007: creating Makefile
config.status:1179: executing depfiles commands
config.status:1179: executing libtool commands

## ---------------- ##
## Cache variables. ##
## ---------------- ##

ac_cv_build=x86_64-unknown-linux-gnu
ac_cv_c_compiler_gnu=yes
ac_cv_c_const=yes
ac_cv_env_CC_set=
ac_cv_env_CC_value=
ac_cv_env_CFLAGS_set=
ac_cv_env_CFLAGS_value=
ac_cv_env_CPPFLAGS_set=
ac_cv_env_CPPFLAGS_value=
ac_cv_env_CPP_set=
ac_cv_env_CPP_value=
ac_cv_env_LDFLAGS_set=
ac_cv_env_LDFLAGS_value=
ac_cv_env_LIBS_set=
ac_cv_env_LIBS_value=
ac_cv_env_MYSQL_CONFIG_set=
ac_cv_env_MYSQL_CONFIG_value=
ac_cv_env_build_alias_set=
ac_cv_env_build_alias_value=
ac_cv_env_host_alias_set=
ac_cv_env_host_alias_value=
ac_cv_env_target_alias_set=
ac_cv_env_target_alias_value=
ac_cv_header_dlfcn_h=yes
ac_cv_header_inttypes_h=yes
ac_cv_header_memory_h=yes
ac_cv_header_stdc=yes
ac_cv_header_stdint_h=yes
ac_cv_header_stdlib_h=yes
ac_cv_header_string_h=yes
ac_cv_header_strings_h=yes
ac_cv_header_sys_stat_h=yes
ac_cv_header_sys_types_h=yes
ac_cv_header_unistd_h=yes
ac_cv_host=x86_64-unknown-linux-gnu
ac_cv_lib_dl_dlopen=yes
ac_cv_objext=o
ac_cv_path_EGREP='/usr/bin/grep -E'
ac_cv_path_FGREP='/usr/bin/grep -F'
ac_cv_path_GREP=/usr/bin/grep
ac_cv_path_MYSQL_CONFIG=/usr/bin/mysql_config
ac_cv_path_SED=/usr/bin/sed
ac_cv_path_install='/usr/bin/install -c'
ac_cv_path_mkdir=/usr/bin/mkdir
ac_cv_prog_AWK=gawk
ac_cv_prog_CPP='gcc -E'
ac_cv_prog_ac_ct_AR=ar
ac_cv_prog_ac_ct_CC=gcc
ac_cv_prog_ac_ct_OBJDUMP=objdump
ac_cv_prog_ac_ct_RANLIB=ranlib
ac_cv_prog_ac_ct_STRIP=strip
ac_cv_prog_cc_c89=
ac_cv_prog_cc_g=yes
ac_cv_prog_make_make_set=yes
ac_cv_type_size_t=yes
am_cv_CC_dependencies_compiler_type=gcc3
am_cv_make_support_nested_variables=yes
lt_cv_ar_at_file=@
lt_cv_archive_cmds_need_lc=no
lt_cv_deplibs_check_method=pass_all
lt_cv_file_magic_cmd='$MAGIC_CMD'
lt_cv_file_magic_test_file=
lt_cv_ld_reload_flag=-r
lt_cv_nm_interface='BSD nm'
lt_cv_objdir=.libs
lt_cv_path_LD=/usr/bin/ld
lt_cv_path_NM='/usr/bin/nm -B'
lt_cv_path_mainfest_tool=no
lt_cv_prog_compiler_c_o=yes
lt_cv_prog_compiler_pic='-fPIC -DPIC'
lt_cv_prog_compiler_pic_works=yes
lt_cv_prog_compiler_rtti_exceptions=no
lt_cv_prog_compiler_static_works=no
lt_cv_prog_gnu_ld=yes
lt_cv_sharedlib_from_linklib_cmd='printf %s\n'
lt_cv_shlibpath_overrides_runpath=no
lt_cv_sys_global_symbol_pipe='sed -n -e '\''s/^.*[	 ]\([ABCDGIRSTW][ABCDGIRSTW]*\)[	 ][	 ]*\([_A-Za-z][_A-Za-z0-9]*\)$/\1 \2 \2/p'\'' | sed '\''/ __gnu_lto/d'\'''
lt_cv_sys_global_symbol_to_c_name_address='sed -n -e '\''s/^: \([^ ]*\)[ ]*$/  {\"\1\", (void *) 0},/p'\'' -e '\''s/^[ABCDGIRSTW]* \([^ ]*\) \([^ ]*\)$/  {"\2", (void *) \&\2},/p'\'''
lt_cv_sys_global_symbol_to_c_name_address_lib_prefix='sed -n -e '\''s/^: \([^ ]*\)[ ]*$/  {\"\1\", (void *) 0},/p'\'' -e '\''s/^[ABCDGIRSTW]* \([^ ]*\) \(lib[^ ]*\)$/  {"\2", (void *) \&\2},/p'\'' -e '\''s/^[ABCDGIRSTW]* \([^ ]*\) \([^ ]*\)$/  {"lib\2", (void *) \&\2},/p'\'''
lt_cv_sys_global_symbol_to_cdecl='sed -n -e '\''s/^T .* \(.*\)$/extern int \1();/p'\'' -e '\''s/^[ABCDGIRSTW]* .* \(.*\)$/extern char \1;/p'\'''
lt_cv_sys_max_cmd_len=1572864
lt_cv_to_host_file_cmd=func_convert_file_noop
lt_cv_to_tool_file_cmd=func_convert_file_noop

## ----------------- ##
## Output variables. ##
## ----------------- ##

ACLOCAL='${SHELL} /root/argus-clients/examples/rasql_udf_cidr/config/missing aclocal-1.13'
AMDEPBACKSLASH='\'
AMDEP_FALSE='#'
AMDEP_TRUE=''
AMTAR='$${TAR-tar}'
AM_BACKSLASH='\'
AM_DEFAULT_V='$(AM_DEFAULT_VERBOSITY)'
AM_DEFAULT_VERBOSITY='1'
AM_V='$(V)'
AR='ar'
AUTOCONF='${SHELL} /root/argus-clients/examples/rasql_udf_cidr/config/missing autoconf'
AUTOHEADER='${SHELL} /root/argus-clients/examples/rasql_udf_cidr/config/missing autoheader'
AUTOMAKE='${SHELL} /root/argus-clients/examples/rasql_udf_cidr/config/missing automake-1.13'
AWK='gawk'
CC='gcc'
CCDEPMODE='depmode=gcc3'
CFLAGS='-g -O2'
CPP='gcc -E'
CPPFLAGS=''
CYGPATH_W='echo'
DEFS='-DPACKAGE_NAME=\"rasql_udf_cidr\" -DPACKAGE_TARNAME=\"rasql_udf_cidr\" -DPACKAGE_VERSION=\"0.5\" -DPACKAGE_STRING=\"rasql_udf_cidr\ 0.5\" -DPACKAGE_BUGREPORT=\"carter@qosient.com\" -DPACKAGE_URL=\"\" -DPACKAGE=\"rasql_udf_cidr\" -DVERSION=\"0.5\" -DSTDC_HEADERS=1 -DHAVE_SYS_TYPES_H=1 -DHAVE_SYS_STAT_H=1 -DHAVE_STDLIB_H=1 -DHAVE_STRING_H=1 -DHAVE_MEMORY_H=1 -DHAVE_STRINGS_H=1 -DHAVE_INTTYPES_H=1 -DHAVE_STDINT_H=1 -DHAVE_UNISTD_H=1 -DHAVE_DLFCN_H=1 -DLT_OBJDIR=\".libs/\" -DHAVE_MYSQL=1 -DHAVE_DLOPEN=1'
DEPDIR='.deps'
DLLTOOL='false'
DSYMUTIL=''
DUMPBIN=''
ECHO_C=''
ECHO_N='-n'
ECHO_T=''
EGREP='/usr/bin/grep -E'
EXEEXT=''
FGREP='/usr/bin/grep -F'
GREP='/usr/bin/grep'
INSTALL_DATA='${INSTALL} -m 644'
INSTALL_PROGRAM='${INSTALL}'
INSTALL_SCRIPT='${INSTALL}'
INSTALL_STRIP_PROGRAM='$(install_sh) -c -s'
LD='/usr/bin/ld -m elf_x86_64'
LDFLAGS=''
LIBOBJS=''
LIBS=''
LIBTOOL='$(SHELL) $(top_builddir)/libtool'
LIPO=''
LN_S='ln -s'
LTLIBOBJS=''
MAKEINFO='${SHELL} /root/argus-clients/examples/rasql_udf_cidr/config/missing makeinfo'
MANIFEST_TOOL=':'
MKDIR_P='/usr/bin/mkdir -p'
MYSQL_CFLAGS='-I/usr/include/mysql -I/usr/include/mysql/mysql'
MYSQL_CONFIG='/usr/bin/mysql_config'
MYSQL_LDFLAGS='-L/usr/lib64/ -lmariadb -lz -ldl -lm -lpthread -lssl -lcrypto'
MYSQL_VERSION='10.2.16'
NM='/usr/bin/nm -B'
NMEDIT=''
OBJDUMP='objdump'
OBJEXT='o'
OTOOL64=''
OTOOL=''
PACKAGE='rasql_udf_cidr'
PACKAGE_BUGREPORT='carter@qosient.com'
PACKAGE_NAME='rasql_udf_cidr'
PACKAGE_STRING='rasql_udf_cidr 0.5'
PACKAGE_TARNAME='rasql_udf_cidr'
PACKAGE_URL=''
PACKAGE_VERSION='0.5'
PATH_SEPARATOR=':'
RANLIB='ranlib'
SED='/usr/bin/sed'
SET_MAKE=''
SHELL='/bin/sh'
STRIP='strip'
VERSION='0.5'
ac_ct_AR='ar'
ac_ct_CC='gcc'
ac_ct_DUMPBIN=''
am__EXEEXT_FALSE=''
am__EXEEXT_TRUE='#'
am__fastdepCC_FALSE='#'
am__fastdepCC_TRUE=''
am__include='include'
am__isrc=''
am__leading_dot='.'
am__nodep='_no'
am__quote=''
am__tar='$${TAR-tar} chof - "$$tardir"'
am__untar='$${TAR-tar} xf -'
bindir='${exec_prefix}/bin'
build='x86_64-unknown-linux-gnu'
build_alias=''
build_cpu='x86_64'
build_os='linux-gnu'
build_vendor='unknown'
datadir='${datarootdir}'
datarootdir='${prefix}/share'
docdir='${datarootdir}/doc/${PACKAGE_TARNAME}'
dvidir='${docdir}'
exec_prefix='${prefix}'
host='x86_64-unknown-linux-gnu'
host_alias=''
host_cpu='x86_64'
host_os='linux-gnu'
host_vendor='unknown'
htmldir='${docdir}'
includedir='${prefix}/include'
infodir='${datarootdir}/info'
install_sh='${SHELL} /root/argus-clients/examples/rasql_udf_cidr/config/install-sh'
libdir='/usr/lib64/mysql/plugin'
libexecdir='${exec_prefix}/libexec'
localedir='${datarootdir}/locale'
localstatedir='${prefix}/var'
mandir='${datarootdir}/man'
mkdir_p='$(MKDIR_P)'
oldincludedir='/usr/include'
pdfdir='${docdir}'
prefix='/usr/local'
program_transform_name='s,x,x,'
psdir='${docdir}'
sbindir='${exec_prefix}/sbin'
sharedstatedir='${prefix}/com'
sysconfdir='${prefix}/etc'
target_alias=''

## ----------- ##
## confdefs.h. ##
## ----------- ##

/* confdefs.h */
#define PACKAGE_NAME "rasql_udf_cidr"
#define PACKAGE_TARNAME "rasql_udf_cidr"
#define PACKAGE_VERSION "0.5"
#define PACKAGE_STRING "rasql_udf_cidr 0.5"
#define PACKAGE_BUGREPORT "carter@qosient.com"
#define PACKAGE_URL ""
#define PACKAGE "rasql_udf_cidr"
#define VERSION "0.5"
#define STDC_HEADERS 1
#define HAVE_SYS_TYPES_H 1
#define HAVE_SYS_STAT_H 1
#define HAVE_STDLIB_H 1
#define HAVE_STRING_H 1
#define HAVE_MEMORY_H 1
#define HAVE_STRINGS_H 1
#define HAVE_INTTYPES_H 1
#define HAVE_STDINT_H 1
#define HAVE_UNISTD_H 1
#define HAVE_DLFCN_H 1
#define LT_OBJDIR ".libs/"
#define HAVE_MYSQL 1
#define HAVE_DLOPEN 1

configure: exit 0
